<?xml version="1.0" encoding="UTF-8"?>
<!-- Generated by org.testng.reporters.JUnitXMLReporter -->
<testsuite ignored="1" hostname="DESKTOP-1TD6IV9" failures="0" tests="3" name="Default test" time="0.041" errors="0" timestamp="2023-01-12T13:13:06 IST">
  <testcase classname="com.Demo.SampleTest" name="gmail" time="0.006"/>
  <testcase classname="com.Demo.SampleTest" name="gmail" time="0.001"/>
  <testcase classname="com.Demo.SampleTest" name="username" time="0.001"/>
  <testcase classname="com.Demo.SampleTest" name="password" time="0.0">
    <ignored/>
  </testcase> <!-- password -->
</testsuite> <!-- Default test -->
