<?xml version="1.0" encoding="UTF-8"?>
<!-- Generated by org.testng.reporters.JUnitXMLReporter -->
<testsuite ignored="0" hostname="DESKTOP-1TD6IV9" failures="0" tests="8" name="Test_Runner_01" time="41.311" errors="0" timestamp="2023-01-11T14:30:12 IST">
  <testcase classname="Profile_Module.EditUsername_with_Testng_Test" name="canaraBank" time="0.004"/>
  <testcase classname="Photo_Module.Addphoto_with_Testng_Test" name="addPhoto" time="8.997"/>
  <testcase classname="Home_Module.ShareStatus_with_Testng_Test" name="shareStatus" time="16.047"/>
  <testcase classname="Profile_Module.EditUsername_with_Testng_Test" name="editUsername" time="19.096"/>
  <testcase classname="Profile_Module.EditProfileAndUPdateprofilePhoto_with_Testng" name="editProfileandUpdateProfile" time="20.317"/>
  <testcase classname="Profile_Module.EditUsername_with_Testng_Test" name="hdfcBank" time="0.002"/>
  <testcase classname="Profile_Module.EditProfile_with_Testng_Test" name="editProfile" time="25.514"/>
  <testcase classname="User_Module.WriteAndDeleteComment_with_Testng_Test" name="deleteComment" time="10.608"/>
</testsuite> <!-- Test_Runner_01 -->
